<?xml version="1.0" encoding="UTF-8"?>
<!-- Generated by org.testng.reporters.JUnitReportReporter -->
<testsuite hostname="DESKTOP-498N2OQ" failures="0" tests="4" name="org.test.TestClass" time="4.858" errors="0" timestamp="2023-12-07T18:45:23 IST" skipped="0">
  <testcase classname="org.test.TestClass" name="login" time="4.717"/>
  <system-out/>
  <testcase classname="org.test.TestClass" name="selectCake" time="0.087"/>
  <system-out/>
  <testcase classname="org.test.TestClass" name="deliveryDetails" time="0.035"/>
  <system-out/>
  <testcase classname="org.test.TestClass" name="orderSummary" time="0.019"/>
  <system-out/>
</testsuite> <!-- org.test.TestClass -->
