<?xml version="1.0" encoding="UTF-8"?>
<!-- Generated by org.testng.reporters.JUnitReportReporter -->
<testsuite hostname="DESKTOP-498N2OQ" failures="0" tests="4" name="org.test.TestClass" time="39.566" errors="0" timestamp="2023-12-07T21:41:48 IST" skipped="0">
  <testcase classname="org.test.TestClass" name="login" time="15.075"/>
  <system-out/>
  <testcase classname="org.test.TestClass" name="selectCake" time="20.418"/>
  <system-out/>
  <testcase classname="org.test.TestClass" name="deliveryDetails" time="3.927"/>
  <system-out/>
  <testcase classname="org.test.TestClass" name="orderSummary" time="0.146"/>
  <system-out/>
</testsuite> <!-- org.test.TestClass -->
